App now running on port 5100
sanctions request {"address":"cityA","date_of_birth":"1011988","domain":"banka.com","name":"John Doe"}
santions request sender {
  address: 'cityA',
  date_of_birth: '1011988',
  domain: 'banka.com',
  name: 'John Doe'
}
santions request -- the end
request ask user {"address":"cityA","date_of_birth":"1011988","domain":"banka.com","name":"John Doe"}
sender {
  address: 'cityA',
  date_of_birth: '1011988',
  domain: 'banka.com',
  name: 'John Doe'
}
ask user request -- the end
request fetch info janesmith
domain bankb.com
request fetch info janesmith*bankb.com
domain bankb.com
