Fee is 100
Fee is 100
Account is AccountResponse {
  _baseAccount: Account {
    _accountId: 'GDW3IXTH3UFCU2KD6REURTLK7XVSUC4P4WDATMFPTW6YZFEAV7RWATAD',
    sequence: BigNumber { s: 1, e: 11, c: [Array] }
  },
  _links: {
    self: {
      href: 'http://127.0.0.1:8001/accounts/GDW3IXTH3UFCU2KD6REURTLK7XVSUC4P4WDATMFPTW6YZFEAV7RWATAD'
    },
    transactions: {
      href: 'http://127.0.0.1:8001/accounts/GDW3IXTH3UFCU2KD6REURTLK7XVSUC4P4WDATMFPTW6YZFEAV7RWATAD/transactions{?cursor,limit,order}',
      templated: true
    },
    operations: {
      href: 'http://127.0.0.1:8001/accounts/GDW3IXTH3UFCU2KD6REURTLK7XVSUC4P4WDATMFPTW6YZFEAV7RWATAD/operations{?cursor,limit,order}',
      templated: true
    },
    payments: {
      href: 'http://127.0.0.1:8001/accounts/GDW3IXTH3UFCU2KD6REURTLK7XVSUC4P4WDATMFPTW6YZFEAV7RWATAD/payments{?cursor,limit,order}',
      templated: true
    },
    effects: {
      href: 'http://127.0.0.1:8001/accounts/GDW3IXTH3UFCU2KD6REURTLK7XVSUC4P4WDATMFPTW6YZFEAV7RWATAD/effects{?cursor,limit,order}',
      templated: true
    },
    offers: {
      href: 'http://127.0.0.1:8001/accounts/GDW3IXTH3UFCU2KD6REURTLK7XVSUC4P4WDATMFPTW6YZFEAV7RWATAD/offers{?cursor,limit,order}',
      templated: true
    },
    trades: {
      href: 'http://127.0.0.1:8001/accounts/GDW3IXTH3UFCU2KD6REURTLK7XVSUC4P4WDATMFPTW6YZFEAV7RWATAD/trades{?cursor,limit,order}',
      templated: true
    },
    data: {
      href: 'http://127.0.0.1:8001/accounts/GDW3IXTH3UFCU2KD6REURTLK7XVSUC4P4WDATMFPTW6YZFEAV7RWATAD/data/{key}',
      templated: true
    }
  },
  id: 'GDW3IXTH3UFCU2KD6REURTLK7XVSUC4P4WDATMFPTW6YZFEAV7RWATAD',
  account_id: 'GDW3IXTH3UFCU2KD6REURTLK7XVSUC4P4WDATMFPTW6YZFEAV7RWATAD',
  sequence: '884763262979',
  subentry_count: 1,
  last_modified_ledger: 23320,
  last_modified_time: '2022-01-21T12:39:36Z',
  thresholds: { low_threshold: 0, med_threshold: 0, high_threshold: 0 },
  flags: {
    auth_required: false,
    auth_revocable: false,
    auth_immutable: false,
    auth_clawback_enabled: false
  },
  balances: [
    {
      balance: '3101.0000000',
      limit: '100000.0000000',
      buying_liabilities: '0.0000000',
      selling_liabilities: '0.0000000',
      last_modified_ledger: 23320,
      is_authorized: true,
      is_authorized_to_maintain_liabilities: true,
      asset_type: 'credit_alphanum4',
      asset_code: 'USD',
      asset_issuer: 'GAIHBCB57M2SDFQYUMANDBHW4YYMD3FJVK2OGHRKKCNF2HBZIRBKRX6E'
    },
    {
      balance: '99999.9999700',
      buying_liabilities: '0.0000000',
      selling_liabilities: '0.0000000',
      asset_type: 'native'
    }
  ],
  signers: [
    {
      weight: 1,
      key: 'GDW3IXTH3UFCU2KD6REURTLK7XVSUC4P4WDATMFPTW6YZFEAV7RWATAD',
      type: 'ed25519_public_key'
    }
  ],
  data: [Function (anonymous)],
  num_sponsoring: 0,
  num_sponsored: 0,
  paging_token: 'GDW3IXTH3UFCU2KD6REURTLK7XVSUC4P4WDATMFPTW6YZFEAV7RWATAD',
  self: [Function (anonymous)],
  transactions: [Function (anonymous)],
  operations: [Function (anonymous)],
  payments: [Function (anonymous)],
  effects: [Function (anonymous)],
  offers: [Function (anonymous)],
  trades: [Function (anonymous)],
  data_attr: {}
}
Account is AccountResponse {
  _baseAccount: Account {
    _accountId: 'GBETQAVAWJJIQ7CZPXWLXKZO6BELLACNR3E7BRD4WTYEANAGGR62VP6Q',
    sequence: BigNumber { s: 1, e: 11, c: [Array] }
  },
  _links: {
    self: {
      href: 'http://127.0.0.1:8001/accounts/GBETQAVAWJJIQ7CZPXWLXKZO6BELLACNR3E7BRD4WTYEANAGGR62VP6Q'
    },
    transactions: {
      href: 'http://127.0.0.1:8001/accounts/GBETQAVAWJJIQ7CZPXWLXKZO6BELLACNR3E7BRD4WTYEANAGGR62VP6Q/transactions{?cursor,limit,order}',
      templated: true
    },
    operations: {
      href: 'http://127.0.0.1:8001/accounts/GBETQAVAWJJIQ7CZPXWLXKZO6BELLACNR3E7BRD4WTYEANAGGR62VP6Q/operations{?cursor,limit,order}',
      templated: true
    },
    payments: {
      href: 'http://127.0.0.1:8001/accounts/GBETQAVAWJJIQ7CZPXWLXKZO6BELLACNR3E7BRD4WTYEANAGGR62VP6Q/payments{?cursor,limit,order}',
      templated: true
    },
    effects: {
      href: 'http://127.0.0.1:8001/accounts/GBETQAVAWJJIQ7CZPXWLXKZO6BELLACNR3E7BRD4WTYEANAGGR62VP6Q/effects{?cursor,limit,order}',
      templated: true
    },
    offers: {
      href: 'http://127.0.0.1:8001/accounts/GBETQAVAWJJIQ7CZPXWLXKZO6BELLACNR3E7BRD4WTYEANAGGR62VP6Q/offers{?cursor,limit,order}',
      templated: true
    },
    trades: {
      href: 'http://127.0.0.1:8001/accounts/GBETQAVAWJJIQ7CZPXWLXKZO6BELLACNR3E7BRD4WTYEANAGGR62VP6Q/trades{?cursor,limit,order}',
      templated: true
    },
    data: {
      href: 'http://127.0.0.1:8001/accounts/GBETQAVAWJJIQ7CZPXWLXKZO6BELLACNR3E7BRD4WTYEANAGGR62VP6Q/data/{key}',
      templated: true
    }
  },
  id: 'GBETQAVAWJJIQ7CZPXWLXKZO6BELLACNR3E7BRD4WTYEANAGGR62VP6Q',
  account_id: 'GBETQAVAWJJIQ7CZPXWLXKZO6BELLACNR3E7BRD4WTYEANAGGR62VP6Q',
  sequence: '884763262979',
  subentry_count: 1,
  last_modified_ledger: 23320,
  last_modified_time: '2022-01-21T12:39:36Z',
  thresholds: { low_threshold: 0, med_threshold: 0, high_threshold: 0 },
  flags: {
    auth_required: false,
    auth_revocable: false,
    auth_immutable: false,
    auth_clawback_enabled: false
  },
  balances: [
    {
      balance: '899.0000000',
      limit: '100000.0000000',
      buying_liabilities: '0.0000000',
      selling_liabilities: '0.0000000',
      last_modified_ledger: 23320,
      is_authorized: true,
      is_authorized_to_maintain_liabilities: true,
      asset_type: 'credit_alphanum4',
      asset_code: 'USD',
      asset_issuer: 'GAIHBCB57M2SDFQYUMANDBHW4YYMD3FJVK2OGHRKKCNF2HBZIRBKRX6E'
    },
    {
      balance: '99999.9999700',
      buying_liabilities: '0.0000000',
      selling_liabilities: '0.0000000',
      asset_type: 'native'
    }
  ],
  signers: [
    {
      weight: 1,
      key: 'GBETQAVAWJJIQ7CZPXWLXKZO6BELLACNR3E7BRD4WTYEANAGGR62VP6Q',
      type: 'ed25519_public_key'
    }
  ],
  data: [Function (anonymous)],
  num_sponsoring: 0,
  num_sponsored: 0,
  paging_token: 'GBETQAVAWJJIQ7CZPXWLXKZO6BELLACNR3E7BRD4WTYEANAGGR62VP6Q',
  self: [Function (anonymous)],
  transactions: [Function (anonymous)],
  operations: [Function (anonymous)],
  payments: [Function (anonymous)],
  effects: [Function (anonymous)],
  offers: [Function (anonymous)],
  trades: [Function (anonymous)],
  data_attr: {}
}
