
> cross-border-app@1.0.0 start
> react-scripts start

(node:20801) [DEP0111] DeprecationWarning: Access to process.binding('http_parser') is deprecated.
(Use `node --trace-deprecation ...` to show where the warning was created)
Starting the development server...

Compiled with warnings.

./src/App-web.js
  Line 7:   'toml' is assigned a value but never used        no-unused-vars
  Line 8:   'concat' is assigned a value but never used      no-unused-vars
  Line 9:   'fs' is assigned a value but never used          no-unused-vars
  Line 10:  'requestObj' is assigned a value but never used  no-unused-vars
  Line 99:  Expected '===' and instead saw '=='              eqeqeq

Search for the keywords to learn more about each warning.
To ignore, add // eslint-disable-next-line to the line before.


> cross-border-app@1.0.0 start
> react-scripts start

(node:23400) [DEP0111] DeprecationWarning: Access to process.binding('http_parser') is deprecated.
(Use `node --trace-deprecation ...` to show where the warning was created)
Starting the development server...

Compiled with warnings.

./src/App-web.js
  Line 7:   'toml' is assigned a value but never used        no-unused-vars
  Line 8:   'concat' is assigned a value but never used      no-unused-vars
  Line 9:   'fs' is assigned a value but never used          no-unused-vars
  Line 10:  'requestObj' is assigned a value but never used  no-unused-vars
  Line 99:  Expected '===' and instead saw '=='              eqeqeq

Search for the keywords to learn more about each warning.
To ignore, add // eslint-disable-next-line to the line before.

