time="2022-01-21T21:26:38+08:00" level=info msg="Creating and initializing TransactionSubmitter" 
time="2022-01-21T21:26:38+08:00" level=info msg="Initializing Authorizing account" 
time="2022-01-21T21:26:38+08:00" level=info msg="Loading account" accountID=GAIHBCB57M2SDFQYUMANDBHW4YYMD3FJVK2OGHRKKCNF2HBZIRBKRX6E service=Horizon 
time="2022-01-21T21:26:38+08:00" level=info msg="Account loaded" accountID=GAIHBCB57M2SDFQYUMANDBHW4YYMD3FJVK2OGHRKKCNF2HBZIRBKRX6E service=Horizon 
time="2022-01-21T21:26:38+08:00" level=info msg="Initializing Base account" 
time="2022-01-21T21:26:38+08:00" level=info msg="Loading account" accountID=GDW3IXTH3UFCU2KD6REURTLK7XVSUC4P4WDATMFPTW6YZFEAV7RWATAD service=Horizon 
time="2022-01-21T21:26:38+08:00" level=info msg="Account loaded" accountID=GDW3IXTH3UFCU2KD6REURTLK7XVSUC4P4WDATMFPTW6YZFEAV7RWATAD service=Horizon 
time="2022-01-21T21:26:38+08:00" level=info msg="TransactionSubmitter created" 
time="2022-01-21T21:26:38+08:00" level=info msg="Creating and starting PaymentListener" 
time="2022-01-21T21:26:38+08:00" level=info msg="Loading account" accountID=GDW3IXTH3UFCU2KD6REURTLK7XVSUC4P4WDATMFPTW6YZFEAV7RWATAD service=Horizon 
time="2022-01-21T21:26:38+08:00" level=info msg="Account loaded" accountID=GDW3IXTH3UFCU2KD6REURTLK7XVSUC4P4WDATMFPTW6YZFEAV7RWATAD service=Horizon 
time="2022-01-21T21:26:38+08:00" level=info msg="PaymentListener created" 
time="2022-01-21T21:26:38+08:00" level=info msg="Started listening for new payments" accountId=GDW3IXTH3UFCU2KD6REURTLK7XVSUC4P4WDATMFPTW6YZFEAV7RWATAD cursor=now service=PaymentListener 
time="2022-01-21T21:27:32+08:00" level=info msg="Submitting transaction" service=TransactionSubmitter tx="AAAAAO20XmfdCippQ/RJSM1q/esqC4/lhgmwr529jJSAr+NgAAAAZAAAAM4AAAAGAAAAAAAAAAOewzhVPKvPBhcutpZ0ReC68vJwuhzrj0D7DPu63UdEFgAAAAEAAAAAAAAAAQAAAABJOAKgslKIfFl97LurLvBItYBNjsnwxHy08EA0BjR9qgAAAAFVU0QAAAAAABBwiD37NSGWGKMA0YT25jDB7KmqtOMeKlCaXRw5REKoAAAAAAcnDgAAAAAAAAAAAYCv42AAAABAhYIbPf0E+ZYlVvuSEVEDHhWQGxI8IAc6Jc3CRcJM40lHUJOPy19dbOGMl/IrHEGfJAVMWKRDEyoujhx+IImyDA==" 
time="2022-01-21T21:27:33+08:00" level=info msg="Started listening for new payments" accountId=GDW3IXTH3UFCU2KD6REURTLK7XVSUC4P4WDATMFPTW6YZFEAV7RWATAD cursor=now service=PaymentListener 
time="2022-01-21T21:27:34+08:00" level=info msg="Success response from horizon" ledger=23888 service=Horizon 
time="2022-01-21T21:28:28+08:00" level=info msg="Started listening for new payments" accountId=GDW3IXTH3UFCU2KD6REURTLK7XVSUC4P4WDATMFPTW6YZFEAV7RWATAD cursor=now service=PaymentListener 
time="2022-01-21T21:29:23+08:00" level=info msg="Started listening for new payments" accountId=GDW3IXTH3UFCU2KD6REURTLK7XVSUC4P4WDATMFPTW6YZFEAV7RWATAD cursor=now service=PaymentListener 
time="2022-01-21T21:30:18+08:00" level=info msg="Started listening for new payments" accountId=GDW3IXTH3UFCU2KD6REURTLK7XVSUC4P4WDATMFPTW6YZFEAV7RWATAD cursor=now service=PaymentListener 
time="2022-01-21T21:31:13+08:00" level=info msg="Started listening for new payments" accountId=GDW3IXTH3UFCU2KD6REURTLK7XVSUC4P4WDATMFPTW6YZFEAV7RWATAD cursor=now service=PaymentListener 
time="2022-01-21T21:32:08+08:00" level=info msg="Started listening for new payments" accountId=GDW3IXTH3UFCU2KD6REURTLK7XVSUC4P4WDATMFPTW6YZFEAV7RWATAD cursor=now service=PaymentListener 
