time="2022-01-21T20:39:36+08:00" level=info msg="Creating and initializing TransactionSubmitter" 
time="2022-01-21T20:39:36+08:00" level=info msg="Initializing Authorizing account" 
time="2022-01-21T20:39:36+08:00" level=info msg="Loading account" accountID=GAIHBCB57M2SDFQYUMANDBHW4YYMD3FJVK2OGHRKKCNF2HBZIRBKRX6E service=Horizon 
time="2022-01-21T20:39:36+08:00" level=info msg="Account loaded" accountID=GAIHBCB57M2SDFQYUMANDBHW4YYMD3FJVK2OGHRKKCNF2HBZIRBKRX6E service=Horizon 
time="2022-01-21T20:39:36+08:00" level=info msg="Initializing Base account" 
time="2022-01-21T20:39:36+08:00" level=info msg="Loading account" accountID=GDW3IXTH3UFCU2KD6REURTLK7XVSUC4P4WDATMFPTW6YZFEAV7RWATAD service=Horizon 
time="2022-01-21T20:39:36+08:00" level=info msg="Account loaded" accountID=GDW3IXTH3UFCU2KD6REURTLK7XVSUC4P4WDATMFPTW6YZFEAV7RWATAD service=Horizon 
time="2022-01-21T20:39:36+08:00" level=info msg="TransactionSubmitter created" 
time="2022-01-21T20:39:36+08:00" level=info msg="Creating and starting PaymentListener" 
time="2022-01-21T20:39:36+08:00" level=info msg="Loading account" accountID=GDW3IXTH3UFCU2KD6REURTLK7XVSUC4P4WDATMFPTW6YZFEAV7RWATAD service=Horizon 
time="2022-01-21T20:39:36+08:00" level=info msg="Account loaded" accountID=GDW3IXTH3UFCU2KD6REURTLK7XVSUC4P4WDATMFPTW6YZFEAV7RWATAD service=Horizon 
time="2022-01-21T20:39:36+08:00" level=info msg="PaymentListener created" 
time="2022-01-21T20:39:36+08:00" level=info msg="Started listening for new payments" accountId=GDW3IXTH3UFCU2KD6REURTLK7XVSUC4P4WDATMFPTW6YZFEAV7RWATAD cursor=now service=PaymentListener 
time="2022-01-21T20:40:27+08:00" level=error msg="Error submitting transaction" error="pq: duplicate key value violates unique constraint "payment_id_unique"" 
time="2022-01-21T20:40:31+08:00" level=info msg="Started listening for new payments" accountId=GDW3IXTH3UFCU2KD6REURTLK7XVSUC4P4WDATMFPTW6YZFEAV7RWATAD cursor=now service=PaymentListener 
time="2022-01-21T20:41:26+08:00" level=info msg="Started listening for new payments" accountId=GDW3IXTH3UFCU2KD6REURTLK7XVSUC4P4WDATMFPTW6YZFEAV7RWATAD cursor=now service=PaymentListener 
time="2022-01-21T20:42:21+08:00" level=info msg="Started listening for new payments" accountId=GDW3IXTH3UFCU2KD6REURTLK7XVSUC4P4WDATMFPTW6YZFEAV7RWATAD cursor=now service=PaymentListener 
time="2022-01-21T20:43:16+08:00" level=info msg="Started listening for new payments" accountId=GDW3IXTH3UFCU2KD6REURTLK7XVSUC4P4WDATMFPTW6YZFEAV7RWATAD cursor=now service=PaymentListener 
time="2022-01-21T20:44:11+08:00" level=info msg="Started listening for new payments" accountId=GDW3IXTH3UFCU2KD6REURTLK7XVSUC4P4WDATMFPTW6YZFEAV7RWATAD cursor=now service=PaymentListener 
time="2022-01-21T20:45:06+08:00" level=info msg="Started listening for new payments" accountId=GDW3IXTH3UFCU2KD6REURTLK7XVSUC4P4WDATMFPTW6YZFEAV7RWATAD cursor=now service=PaymentListener 
time="2022-01-21T20:46:01+08:00" level=info msg="Started listening for new payments" accountId=GDW3IXTH3UFCU2KD6REURTLK7XVSUC4P4WDATMFPTW6YZFEAV7RWATAD cursor=now service=PaymentListener 
time="2022-01-21T20:46:56+08:00" level=info msg="Started listening for new payments" accountId=GDW3IXTH3UFCU2KD6REURTLK7XVSUC4P4WDATMFPTW6YZFEAV7RWATAD cursor=now service=PaymentListener 
time="2022-01-21T20:47:51+08:00" level=info msg="Started listening for new payments" accountId=GDW3IXTH3UFCU2KD6REURTLK7XVSUC4P4WDATMFPTW6YZFEAV7RWATAD cursor=now service=PaymentListener 
time="2022-01-21T20:48:46+08:00" level=info msg="Started listening for new payments" accountId=GDW3IXTH3UFCU2KD6REURTLK7XVSUC4P4WDATMFPTW6YZFEAV7RWATAD cursor=now service=PaymentListener 
time="2022-01-21T20:49:41+08:00" level=info msg="Started listening for new payments" accountId=GDW3IXTH3UFCU2KD6REURTLK7XVSUC4P4WDATMFPTW6YZFEAV7RWATAD cursor=now service=PaymentListener 
time="2022-01-21T20:50:36+08:00" level=info msg="Started listening for new payments" accountId=GDW3IXTH3UFCU2KD6REURTLK7XVSUC4P4WDATMFPTW6YZFEAV7RWATAD cursor=now service=PaymentListener 
time="2022-01-21T20:51:31+08:00" level=info msg="Started listening for new payments" accountId=GDW3IXTH3UFCU2KD6REURTLK7XVSUC4P4WDATMFPTW6YZFEAV7RWATAD cursor=now service=PaymentListener 
time="2022-01-21T20:52:26+08:00" level=info msg="Started listening for new payments" accountId=GDW3IXTH3UFCU2KD6REURTLK7XVSUC4P4WDATMFPTW6YZFEAV7RWATAD cursor=now service=PaymentListener 
time="2022-01-21T20:53:21+08:00" level=info msg="Started listening for new payments" accountId=GDW3IXTH3UFCU2KD6REURTLK7XVSUC4P4WDATMFPTW6YZFEAV7RWATAD cursor=now service=PaymentListener 
time="2022-01-21T20:54:16+08:00" level=info msg="Started listening for new payments" accountId=GDW3IXTH3UFCU2KD6REURTLK7XVSUC4P4WDATMFPTW6YZFEAV7RWATAD cursor=now service=PaymentListener 
time="2022-01-21T20:55:11+08:00" level=info msg="Started listening for new payments" accountId=GDW3IXTH3UFCU2KD6REURTLK7XVSUC4P4WDATMFPTW6YZFEAV7RWATAD cursor=now service=PaymentListener 
time="2022-01-21T20:56:06+08:00" level=info msg="Started listening for new payments" accountId=GDW3IXTH3UFCU2KD6REURTLK7XVSUC4P4WDATMFPTW6YZFEAV7RWATAD cursor=now service=PaymentListener 
