time="2022-01-21T21:38:19+08:00" level=info msg="Creating and initializing TransactionSubmitter" 
time="2022-01-21T21:38:19+08:00" level=info msg="Initializing Authorizing account" 
time="2022-01-21T21:38:19+08:00" level=info msg="Loading account" accountID=GAIHBCB57M2SDFQYUMANDBHW4YYMD3FJVK2OGHRKKCNF2HBZIRBKRX6E service=Horizon 
time="2022-01-21T21:38:19+08:00" level=info msg="Account loaded" accountID=GAIHBCB57M2SDFQYUMANDBHW4YYMD3FJVK2OGHRKKCNF2HBZIRBKRX6E service=Horizon 
time="2022-01-21T21:38:19+08:00" level=info msg="Initializing Base account" 
time="2022-01-21T21:38:19+08:00" level=info msg="Loading account" accountID=GDW3IXTH3UFCU2KD6REURTLK7XVSUC4P4WDATMFPTW6YZFEAV7RWATAD service=Horizon 
time="2022-01-21T21:38:19+08:00" level=info msg="Account loaded" accountID=GDW3IXTH3UFCU2KD6REURTLK7XVSUC4P4WDATMFPTW6YZFEAV7RWATAD service=Horizon 
time="2022-01-21T21:38:19+08:00" level=info msg="TransactionSubmitter created" 
time="2022-01-21T21:38:19+08:00" level=info msg="Creating and starting PaymentListener" 
time="2022-01-21T21:38:19+08:00" level=info msg="Loading account" accountID=GDW3IXTH3UFCU2KD6REURTLK7XVSUC4P4WDATMFPTW6YZFEAV7RWATAD service=Horizon 
time="2022-01-21T21:38:19+08:00" level=info msg="Account loaded" accountID=GDW3IXTH3UFCU2KD6REURTLK7XVSUC4P4WDATMFPTW6YZFEAV7RWATAD service=Horizon 
time="2022-01-21T21:38:19+08:00" level=info msg="PaymentListener created" 
time="2022-01-21T21:38:19+08:00" level=info msg="Started listening for new payments" accountId=GDW3IXTH3UFCU2KD6REURTLK7XVSUC4P4WDATMFPTW6YZFEAV7RWATAD cursor=now service=PaymentListener 
time="2022-01-21T21:38:53+08:00" level=info msg="Submitting transaction" service=TransactionSubmitter tx="AAAAAO20XmfdCippQ/RJSM1q/esqC4/lhgmwr529jJSAr+NgAAAAZAAAAM4AAAAHAAAAAAAAAANwD0a+DWAceuITthw9fzrbEFKtyzy+gIYaTb1Ud21GtgAAAAEAAAAAAAAAAQAAAABJOAKgslKIfFl97LurLvBItYBNjsnwxHy08EA0BjR9qgAAAAFVU0QAAAAAABBwiD37NSGWGKMA0YT25jDB7KmqtOMeKlCaXRw5REKoAAAAAELB2AAAAAAAAAAAAYCv42AAAABAa6tdYTRaqZoljnUg3lqVBiLaWSuZ4Agf2vW4gyzy1604urX+wmw7c3wdheQ6Oa+ErftGFTKy6S2fnTjX/oMwDQ==" 
time="2022-01-21T21:38:59+08:00" level=info msg="Success response from horizon" ledger=24025 service=Horizon 
time="2022-01-21T21:39:14+08:00" level=info msg="Started listening for new payments" accountId=GDW3IXTH3UFCU2KD6REURTLK7XVSUC4P4WDATMFPTW6YZFEAV7RWATAD cursor=now service=PaymentListener 
time="2022-01-21T21:40:09+08:00" level=info msg="Started listening for new payments" accountId=GDW3IXTH3UFCU2KD6REURTLK7XVSUC4P4WDATMFPTW6YZFEAV7RWATAD cursor=now service=PaymentListener 
time="2022-01-21T21:41:04+08:00" level=info msg="Started listening for new payments" accountId=GDW3IXTH3UFCU2KD6REURTLK7XVSUC4P4WDATMFPTW6YZFEAV7RWATAD cursor=now service=PaymentListener 
time="2022-01-21T21:41:59+08:00" level=info msg="Started listening for new payments" accountId=GDW3IXTH3UFCU2KD6REURTLK7XVSUC4P4WDATMFPTW6YZFEAV7RWATAD cursor=now service=PaymentListener 
time="2022-01-21T21:42:54+08:00" level=info msg="Started listening for new payments" accountId=GDW3IXTH3UFCU2KD6REURTLK7XVSUC4P4WDATMFPTW6YZFEAV7RWATAD cursor=now service=PaymentListener 
time="2022-01-21T21:43:49+08:00" level=info msg="Started listening for new payments" accountId=GDW3IXTH3UFCU2KD6REURTLK7XVSUC4P4WDATMFPTW6YZFEAV7RWATAD cursor=now service=PaymentListener 
time="2022-01-21T21:44:44+08:00" level=info msg="Started listening for new payments" accountId=GDW3IXTH3UFCU2KD6REURTLK7XVSUC4P4WDATMFPTW6YZFEAV7RWATAD cursor=now service=PaymentListener 
time="2022-01-21T21:45:39+08:00" level=info msg="Started listening for new payments" accountId=GDW3IXTH3UFCU2KD6REURTLK7XVSUC4P4WDATMFPTW6YZFEAV7RWATAD cursor=now service=PaymentListener 
time="2022-01-21T21:46:34+08:00" level=info msg="Started listening for new payments" accountId=GDW3IXTH3UFCU2KD6REURTLK7XVSUC4P4WDATMFPTW6YZFEAV7RWATAD cursor=now service=PaymentListener 
time="2022-01-21T21:47:29+08:00" level=info msg="Started listening for new payments" accountId=GDW3IXTH3UFCU2KD6REURTLK7XVSUC4P4WDATMFPTW6YZFEAV7RWATAD cursor=now service=PaymentListener 
time="2022-01-21T21:48:24+08:00" level=info msg="Started listening for new payments" accountId=GDW3IXTH3UFCU2KD6REURTLK7XVSUC4P4WDATMFPTW6YZFEAV7RWATAD cursor=now service=PaymentListener 
time="2022-01-21T21:49:19+08:00" level=info msg="Started listening for new payments" accountId=GDW3IXTH3UFCU2KD6REURTLK7XVSUC4P4WDATMFPTW6YZFEAV7RWATAD cursor=now service=PaymentListener 
time="2022-01-21T21:50:14+08:00" level=info msg="Started listening for new payments" accountId=GDW3IXTH3UFCU2KD6REURTLK7XVSUC4P4WDATMFPTW6YZFEAV7RWATAD cursor=now service=PaymentListener 
time="2022-01-21T21:51:09+08:00" level=info msg="Started listening for new payments" accountId=GDW3IXTH3UFCU2KD6REURTLK7XVSUC4P4WDATMFPTW6YZFEAV7RWATAD cursor=now service=PaymentListener 
time="2022-01-21T21:52:04+08:00" level=info msg="Started listening for new payments" accountId=GDW3IXTH3UFCU2KD6REURTLK7XVSUC4P4WDATMFPTW6YZFEAV7RWATAD cursor=now service=PaymentListener 
time="2022-01-21T21:52:59+08:00" level=info msg="Started listening for new payments" accountId=GDW3IXTH3UFCU2KD6REURTLK7XVSUC4P4WDATMFPTW6YZFEAV7RWATAD cursor=now service=PaymentListener 
time="2022-01-21T21:53:54+08:00" level=info msg="Started listening for new payments" accountId=GDW3IXTH3UFCU2KD6REURTLK7XVSUC4P4WDATMFPTW6YZFEAV7RWATAD cursor=now service=PaymentListener 
time="2022-01-21T21:54:49+08:00" level=info msg="Started listening for new payments" accountId=GDW3IXTH3UFCU2KD6REURTLK7XVSUC4P4WDATMFPTW6YZFEAV7RWATAD cursor=now service=PaymentListener 
time="2022-01-21T21:55:44+08:00" level=info msg="Started listening for new payments" accountId=GDW3IXTH3UFCU2KD6REURTLK7XVSUC4P4WDATMFPTW6YZFEAV7RWATAD cursor=now service=PaymentListener 
time="2022-01-21T21:56:39+08:00" level=info msg="Started listening for new payments" accountId=GDW3IXTH3UFCU2KD6REURTLK7XVSUC4P4WDATMFPTW6YZFEAV7RWATAD cursor=now service=PaymentListener 
time="2022-01-21T21:57:34+08:00" level=info msg="Started listening for new payments" accountId=GDW3IXTH3UFCU2KD6REURTLK7XVSUC4P4WDATMFPTW6YZFEAV7RWATAD cursor=now service=PaymentListener 
time="2022-01-21T21:58:29+08:00" level=info msg="Started listening for new payments" accountId=GDW3IXTH3UFCU2KD6REURTLK7XVSUC4P4WDATMFPTW6YZFEAV7RWATAD cursor=now service=PaymentListener 
time="2022-01-21T21:59:24+08:00" level=info msg="Started listening for new payments" accountId=GDW3IXTH3UFCU2KD6REURTLK7XVSUC4P4WDATMFPTW6YZFEAV7RWATAD cursor=now service=PaymentListener 
time="2022-01-21T22:00:19+08:00" level=info msg="Started listening for new payments" accountId=GDW3IXTH3UFCU2KD6REURTLK7XVSUC4P4WDATMFPTW6YZFEAV7RWATAD cursor=now service=PaymentListener 
time="2022-01-21T22:01:14+08:00" level=info msg="Started listening for new payments" accountId=GDW3IXTH3UFCU2KD6REURTLK7XVSUC4P4WDATMFPTW6YZFEAV7RWATAD cursor=now service=PaymentListener 
time="2022-01-21T22:02:09+08:00" level=info msg="Started listening for new payments" accountId=GDW3IXTH3UFCU2KD6REURTLK7XVSUC4P4WDATMFPTW6YZFEAV7RWATAD cursor=now service=PaymentListener 
time="2022-01-21T22:03:04+08:00" level=info msg="Started listening for new payments" accountId=GDW3IXTH3UFCU2KD6REURTLK7XVSUC4P4WDATMFPTW6YZFEAV7RWATAD cursor=now service=PaymentListener 
time="2022-01-21T22:03:59+08:00" level=info msg="Started listening for new payments" accountId=GDW3IXTH3UFCU2KD6REURTLK7XVSUC4P4WDATMFPTW6YZFEAV7RWATAD cursor=now service=PaymentListener 
time="2022-01-21T22:04:54+08:00" level=info msg="Started listening for new payments" accountId=GDW3IXTH3UFCU2KD6REURTLK7XVSUC4P4WDATMFPTW6YZFEAV7RWATAD cursor=now service=PaymentListener 
time="2022-01-21T22:05:49+08:00" level=info msg="Started listening for new payments" accountId=GDW3IXTH3UFCU2KD6REURTLK7XVSUC4P4WDATMFPTW6YZFEAV7RWATAD cursor=now service=PaymentListener 
time="2022-01-21T22:06:44+08:00" level=info msg="Started listening for new payments" accountId=GDW3IXTH3UFCU2KD6REURTLK7XVSUC4P4WDATMFPTW6YZFEAV7RWATAD cursor=now service=PaymentListener 
time="2022-01-21T22:07:39+08:00" level=info msg="Started listening for new payments" accountId=GDW3IXTH3UFCU2KD6REURTLK7XVSUC4P4WDATMFPTW6YZFEAV7RWATAD cursor=now service=PaymentListener 
time="2022-01-21T22:08:34+08:00" level=info msg="Started listening for new payments" accountId=GDW3IXTH3UFCU2KD6REURTLK7XVSUC4P4WDATMFPTW6YZFEAV7RWATAD cursor=now service=PaymentListener 
time="2022-01-21T22:09:29+08:00" level=info msg="Started listening for new payments" accountId=GDW3IXTH3UFCU2KD6REURTLK7XVSUC4P4WDATMFPTW6YZFEAV7RWATAD cursor=now service=PaymentListener 
time="2022-01-21T22:10:24+08:00" level=info msg="Started listening for new payments" accountId=GDW3IXTH3UFCU2KD6REURTLK7XVSUC4P4WDATMFPTW6YZFEAV7RWATAD cursor=now service=PaymentListener 
time="2022-01-21T22:11:19+08:00" level=info msg="Started listening for new payments" accountId=GDW3IXTH3UFCU2KD6REURTLK7XVSUC4P4WDATMFPTW6YZFEAV7RWATAD cursor=now service=PaymentListener 
time="2022-01-21T22:12:14+08:00" level=info msg="Started listening for new payments" accountId=GDW3IXTH3UFCU2KD6REURTLK7XVSUC4P4WDATMFPTW6YZFEAV7RWATAD cursor=now service=PaymentListener 
time="2022-01-21T22:13:09+08:00" level=info msg="Started listening for new payments" accountId=GDW3IXTH3UFCU2KD6REURTLK7XVSUC4P4WDATMFPTW6YZFEAV7RWATAD cursor=now service=PaymentListener 
time="2022-01-21T22:14:04+08:00" level=info msg="Started listening for new payments" accountId=GDW3IXTH3UFCU2KD6REURTLK7XVSUC4P4WDATMFPTW6YZFEAV7RWATAD cursor=now service=PaymentListener 
time="2022-01-21T22:14:59+08:00" level=info msg="Started listening for new payments" accountId=GDW3IXTH3UFCU2KD6REURTLK7XVSUC4P4WDATMFPTW6YZFEAV7RWATAD cursor=now service=PaymentListener 
time="2022-01-21T22:15:54+08:00" level=info msg="Started listening for new payments" accountId=GDW3IXTH3UFCU2KD6REURTLK7XVSUC4P4WDATMFPTW6YZFEAV7RWATAD cursor=now service=PaymentListener 
time="2022-01-21T22:16:49+08:00" level=info msg="Started listening for new payments" accountId=GDW3IXTH3UFCU2KD6REURTLK7XVSUC4P4WDATMFPTW6YZFEAV7RWATAD cursor=now service=PaymentListener 
time="2022-01-21T22:17:44+08:00" level=info msg="Started listening for new payments" accountId=GDW3IXTH3UFCU2KD6REURTLK7XVSUC4P4WDATMFPTW6YZFEAV7RWATAD cursor=now service=PaymentListener 
time="2022-01-21T22:18:39+08:00" level=info msg="Started listening for new payments" accountId=GDW3IXTH3UFCU2KD6REURTLK7XVSUC4P4WDATMFPTW6YZFEAV7RWATAD cursor=now service=PaymentListener 
time="2022-01-21T22:19:34+08:00" level=info msg="Started listening for new payments" accountId=GDW3IXTH3UFCU2KD6REURTLK7XVSUC4P4WDATMFPTW6YZFEAV7RWATAD cursor=now service=PaymentListener 
time="2022-01-21T22:20:29+08:00" level=info msg="Started listening for new payments" accountId=GDW3IXTH3UFCU2KD6REURTLK7XVSUC4P4WDATMFPTW6YZFEAV7RWATAD cursor=now service=PaymentListener 
time="2022-01-21T22:21:24+08:00" level=info msg="Started listening for new payments" accountId=GDW3IXTH3UFCU2KD6REURTLK7XVSUC4P4WDATMFPTW6YZFEAV7RWATAD cursor=now service=PaymentListener 
time="2022-01-21T22:22:19+08:00" level=info msg="Started listening for new payments" accountId=GDW3IXTH3UFCU2KD6REURTLK7XVSUC4P4WDATMFPTW6YZFEAV7RWATAD cursor=now service=PaymentListener 
time="2022-01-21T22:23:14+08:00" level=info msg="Started listening for new payments" accountId=GDW3IXTH3UFCU2KD6REURTLK7XVSUC4P4WDATMFPTW6YZFEAV7RWATAD cursor=now service=PaymentListener 
time="2022-01-21T22:24:09+08:00" level=info msg="Started listening for new payments" accountId=GDW3IXTH3UFCU2KD6REURTLK7XVSUC4P4WDATMFPTW6YZFEAV7RWATAD cursor=now service=PaymentListener 
time="2022-01-21T22:25:04+08:00" level=info msg="Started listening for new payments" accountId=GDW3IXTH3UFCU2KD6REURTLK7XVSUC4P4WDATMFPTW6YZFEAV7RWATAD cursor=now service=PaymentListener 
time="2022-01-21T22:25:59+08:00" level=info msg="Started listening for new payments" accountId=GDW3IXTH3UFCU2KD6REURTLK7XVSUC4P4WDATMFPTW6YZFEAV7RWATAD cursor=now service=PaymentListener 
time="2022-01-21T22:26:54+08:00" level=info msg="Started listening for new payments" accountId=GDW3IXTH3UFCU2KD6REURTLK7XVSUC4P4WDATMFPTW6YZFEAV7RWATAD cursor=now service=PaymentListener 
time="2022-01-21T22:49:19+08:00" level=info msg="Started listening for new payments" accountId=GDW3IXTH3UFCU2KD6REURTLK7XVSUC4P4WDATMFPTW6YZFEAV7RWATAD cursor=now service=PaymentListener 
time="2022-01-21T22:50:14+08:00" level=info msg="Started listening for new payments" accountId=GDW3IXTH3UFCU2KD6REURTLK7XVSUC4P4WDATMFPTW6YZFEAV7RWATAD cursor=now service=PaymentListener 
time="2022-01-21T22:51:09+08:00" level=info msg="Started listening for new payments" accountId=GDW3IXTH3UFCU2KD6REURTLK7XVSUC4P4WDATMFPTW6YZFEAV7RWATAD cursor=now service=PaymentListener 
time="2022-01-21T22:52:04+08:00" level=info msg="Started listening for new payments" accountId=GDW3IXTH3UFCU2KD6REURTLK7XVSUC4P4WDATMFPTW6YZFEAV7RWATAD cursor=now service=PaymentListener 
time="2022-01-21T22:52:59+08:00" level=info msg="Started listening for new payments" accountId=GDW3IXTH3UFCU2KD6REURTLK7XVSUC4P4WDATMFPTW6YZFEAV7RWATAD cursor=now service=PaymentListener 
time="2022-01-21T22:53:54+08:00" level=info msg="Started listening for new payments" accountId=GDW3IXTH3UFCU2KD6REURTLK7XVSUC4P4WDATMFPTW6YZFEAV7RWATAD cursor=now service=PaymentListener 
time="2022-01-21T22:54:49+08:00" level=info msg="Started listening for new payments" accountId=GDW3IXTH3UFCU2KD6REURTLK7XVSUC4P4WDATMFPTW6YZFEAV7RWATAD cursor=now service=PaymentListener 
time="2022-01-21T22:55:44+08:00" level=info msg="Started listening for new payments" accountId=GDW3IXTH3UFCU2KD6REURTLK7XVSUC4P4WDATMFPTW6YZFEAV7RWATAD cursor=now service=PaymentListener 
time="2022-01-21T22:56:39+08:00" level=info msg="Started listening for new payments" accountId=GDW3IXTH3UFCU2KD6REURTLK7XVSUC4P4WDATMFPTW6YZFEAV7RWATAD cursor=now service=PaymentListener 
time="2022-01-21T22:57:34+08:00" level=info msg="Started listening for new payments" accountId=GDW3IXTH3UFCU2KD6REURTLK7XVSUC4P4WDATMFPTW6YZFEAV7RWATAD cursor=now service=PaymentListener 
time="2022-01-21T22:58:29+08:00" level=info msg="Started listening for new payments" accountId=GDW3IXTH3UFCU2KD6REURTLK7XVSUC4P4WDATMFPTW6YZFEAV7RWATAD cursor=now service=PaymentListener 
time="2022-01-21T22:59:24+08:00" level=info msg="Started listening for new payments" accountId=GDW3IXTH3UFCU2KD6REURTLK7XVSUC4P4WDATMFPTW6YZFEAV7RWATAD cursor=now service=PaymentListener 
time="2022-01-21T23:00:19+08:00" level=info msg="Started listening for new payments" accountId=GDW3IXTH3UFCU2KD6REURTLK7XVSUC4P4WDATMFPTW6YZFEAV7RWATAD cursor=now service=PaymentListener 
time="2022-01-21T23:01:14+08:00" level=info msg="Started listening for new payments" accountId=GDW3IXTH3UFCU2KD6REURTLK7XVSUC4P4WDATMFPTW6YZFEAV7RWATAD cursor=now service=PaymentListener 
time="2022-01-21T23:02:09+08:00" level=info msg="Started listening for new payments" accountId=GDW3IXTH3UFCU2KD6REURTLK7XVSUC4P4WDATMFPTW6YZFEAV7RWATAD cursor=now service=PaymentListener 
time="2022-01-21T23:03:04+08:00" level=info msg="Started listening for new payments" accountId=GDW3IXTH3UFCU2KD6REURTLK7XVSUC4P4WDATMFPTW6YZFEAV7RWATAD cursor=now service=PaymentListener 
time="2022-01-21T23:03:59+08:00" level=info msg="Started listening for new payments" accountId=GDW3IXTH3UFCU2KD6REURTLK7XVSUC4P4WDATMFPTW6YZFEAV7RWATAD cursor=now service=PaymentListener 
time="2022-01-21T23:04:54+08:00" level=info msg="Started listening for new payments" accountId=GDW3IXTH3UFCU2KD6REURTLK7XVSUC4P4WDATMFPTW6YZFEAV7RWATAD cursor=now service=PaymentListener 
time="2022-01-21T23:05:49+08:00" level=info msg="Started listening for new payments" accountId=GDW3IXTH3UFCU2KD6REURTLK7XVSUC4P4WDATMFPTW6YZFEAV7RWATAD cursor=now service=PaymentListener 
time="2022-01-21T23:06:44+08:00" level=info msg="Started listening for new payments" accountId=GDW3IXTH3UFCU2KD6REURTLK7XVSUC4P4WDATMFPTW6YZFEAV7RWATAD cursor=now service=PaymentListener 
time="2022-01-21T23:07:39+08:00" level=info msg="Started listening for new payments" accountId=GDW3IXTH3UFCU2KD6REURTLK7XVSUC4P4WDATMFPTW6YZFEAV7RWATAD cursor=now service=PaymentListener 
time="2022-01-21T23:08:34+08:00" level=info msg="Started listening for new payments" accountId=GDW3IXTH3UFCU2KD6REURTLK7XVSUC4P4WDATMFPTW6YZFEAV7RWATAD cursor=now service=PaymentListener 
time="2022-01-21T23:09:29+08:00" level=info msg="Started listening for new payments" accountId=GDW3IXTH3UFCU2KD6REURTLK7XVSUC4P4WDATMFPTW6YZFEAV7RWATAD cursor=now service=PaymentListener 
time="2022-01-21T23:10:24+08:00" level=info msg="Started listening for new payments" accountId=GDW3IXTH3UFCU2KD6REURTLK7XVSUC4P4WDATMFPTW6YZFEAV7RWATAD cursor=now service=PaymentListener 
time="2022-01-21T23:11:19+08:00" level=info msg="Started listening for new payments" accountId=GDW3IXTH3UFCU2KD6REURTLK7XVSUC4P4WDATMFPTW6YZFEAV7RWATAD cursor=now service=PaymentListener 
time="2022-01-21T23:12:14+08:00" level=info msg="Started listening for new payments" accountId=GDW3IXTH3UFCU2KD6REURTLK7XVSUC4P4WDATMFPTW6YZFEAV7RWATAD cursor=now service=PaymentListener 
time="2022-01-21T23:13:09+08:00" level=info msg="Started listening for new payments" accountId=GDW3IXTH3UFCU2KD6REURTLK7XVSUC4P4WDATMFPTW6YZFEAV7RWATAD cursor=now service=PaymentListener 
time="2022-01-21T23:14:04+08:00" level=info msg="Started listening for new payments" accountId=GDW3IXTH3UFCU2KD6REURTLK7XVSUC4P4WDATMFPTW6YZFEAV7RWATAD cursor=now service=PaymentListener 
time="2022-01-21T23:14:59+08:00" level=info msg="Started listening for new payments" accountId=GDW3IXTH3UFCU2KD6REURTLK7XVSUC4P4WDATMFPTW6YZFEAV7RWATAD cursor=now service=PaymentListener 
time="2022-01-21T23:15:54+08:00" level=info msg="Started listening for new payments" accountId=GDW3IXTH3UFCU2KD6REURTLK7XVSUC4P4WDATMFPTW6YZFEAV7RWATAD cursor=now service=PaymentListener 
time="2022-01-21T23:16:49+08:00" level=info msg="Started listening for new payments" accountId=GDW3IXTH3UFCU2KD6REURTLK7XVSUC4P4WDATMFPTW6YZFEAV7RWATAD cursor=now service=PaymentListener 
time="2022-01-21T23:17:44+08:00" level=info msg="Started listening for new payments" accountId=GDW3IXTH3UFCU2KD6REURTLK7XVSUC4P4WDATMFPTW6YZFEAV7RWATAD cursor=now service=PaymentListener 
time="2022-01-21T23:18:39+08:00" level=info msg="Started listening for new payments" accountId=GDW3IXTH3UFCU2KD6REURTLK7XVSUC4P4WDATMFPTW6YZFEAV7RWATAD cursor=now service=PaymentListener 
time="2022-01-21T23:19:34+08:00" level=info msg="Started listening for new payments" accountId=GDW3IXTH3UFCU2KD6REURTLK7XVSUC4P4WDATMFPTW6YZFEAV7RWATAD cursor=now service=PaymentListener 
time="2022-01-21T23:20:29+08:00" level=info msg="Started listening for new payments" accountId=GDW3IXTH3UFCU2KD6REURTLK7XVSUC4P4WDATMFPTW6YZFEAV7RWATAD cursor=now service=PaymentListener 
time="2022-01-21T23:21:24+08:00" level=info msg="Started listening for new payments" accountId=GDW3IXTH3UFCU2KD6REURTLK7XVSUC4P4WDATMFPTW6YZFEAV7RWATAD cursor=now service=PaymentListener 
time="2022-01-21T23:22:19+08:00" level=info msg="Started listening for new payments" accountId=GDW3IXTH3UFCU2KD6REURTLK7XVSUC4P4WDATMFPTW6YZFEAV7RWATAD cursor=now service=PaymentListener 
time="2022-01-21T23:23:14+08:00" level=info msg="Started listening for new payments" accountId=GDW3IXTH3UFCU2KD6REURTLK7XVSUC4P4WDATMFPTW6YZFEAV7RWATAD cursor=now service=PaymentListener 
time="2022-01-21T23:24:09+08:00" level=info msg="Started listening for new payments" accountId=GDW3IXTH3UFCU2KD6REURTLK7XVSUC4P4WDATMFPTW6YZFEAV7RWATAD cursor=now service=PaymentListener 
time="2022-01-21T23:25:04+08:00" level=info msg="Started listening for new payments" accountId=GDW3IXTH3UFCU2KD6REURTLK7XVSUC4P4WDATMFPTW6YZFEAV7RWATAD cursor=now service=PaymentListener 
time="2022-01-21T23:25:59+08:00" level=info msg="Started listening for new payments" accountId=GDW3IXTH3UFCU2KD6REURTLK7XVSUC4P4WDATMFPTW6YZFEAV7RWATAD cursor=now service=PaymentListener 
time="2022-01-21T23:26:54+08:00" level=info msg="Started listening for new payments" accountId=GDW3IXTH3UFCU2KD6REURTLK7XVSUC4P4WDATMFPTW6YZFEAV7RWATAD cursor=now service=PaymentListener 
time="2022-01-21T23:27:49+08:00" level=info msg="Started listening for new payments" accountId=GDW3IXTH3UFCU2KD6REURTLK7XVSUC4P4WDATMFPTW6YZFEAV7RWATAD cursor=now service=PaymentListener 
time="2022-01-21T23:28:44+08:00" level=info msg="Started listening for new payments" accountId=GDW3IXTH3UFCU2KD6REURTLK7XVSUC4P4WDATMFPTW6YZFEAV7RWATAD cursor=now service=PaymentListener 
time="2022-01-21T23:29:39+08:00" level=info msg="Started listening for new payments" accountId=GDW3IXTH3UFCU2KD6REURTLK7XVSUC4P4WDATMFPTW6YZFEAV7RWATAD cursor=now service=PaymentListener 
time="2022-01-21T23:30:34+08:00" level=info msg="Started listening for new payments" accountId=GDW3IXTH3UFCU2KD6REURTLK7XVSUC4P4WDATMFPTW6YZFEAV7RWATAD cursor=now service=PaymentListener 
time="2022-01-21T23:31:29+08:00" level=info msg="Started listening for new payments" accountId=GDW3IXTH3UFCU2KD6REURTLK7XVSUC4P4WDATMFPTW6YZFEAV7RWATAD cursor=now service=PaymentListener 
time="2022-01-21T23:32:24+08:00" level=info msg="Started listening for new payments" accountId=GDW3IXTH3UFCU2KD6REURTLK7XVSUC4P4WDATMFPTW6YZFEAV7RWATAD cursor=now service=PaymentListener 
time="2022-01-21T23:33:19+08:00" level=info msg="Started listening for new payments" accountId=GDW3IXTH3UFCU2KD6REURTLK7XVSUC4P4WDATMFPTW6YZFEAV7RWATAD cursor=now service=PaymentListener 
time="2022-01-21T23:34:14+08:00" level=info msg="Started listening for new payments" accountId=GDW3IXTH3UFCU2KD6REURTLK7XVSUC4P4WDATMFPTW6YZFEAV7RWATAD cursor=now service=PaymentListener 
time="2022-01-21T23:35:09+08:00" level=info msg="Started listening for new payments" accountId=GDW3IXTH3UFCU2KD6REURTLK7XVSUC4P4WDATMFPTW6YZFEAV7RWATAD cursor=now service=PaymentListener 
time="2022-01-21T23:36:04+08:00" level=info msg="Started listening for new payments" accountId=GDW3IXTH3UFCU2KD6REURTLK7XVSUC4P4WDATMFPTW6YZFEAV7RWATAD cursor=now service=PaymentListener 
time="2022-01-21T23:36:59+08:00" level=info msg="Started listening for new payments" accountId=GDW3IXTH3UFCU2KD6REURTLK7XVSUC4P4WDATMFPTW6YZFEAV7RWATAD cursor=now service=PaymentListener 
time="2022-01-21T23:37:54+08:00" level=info msg="Started listening for new payments" accountId=GDW3IXTH3UFCU2KD6REURTLK7XVSUC4P4WDATMFPTW6YZFEAV7RWATAD cursor=now service=PaymentListener 
time="2022-01-21T23:38:49+08:00" level=info msg="Started listening for new payments" accountId=GDW3IXTH3UFCU2KD6REURTLK7XVSUC4P4WDATMFPTW6YZFEAV7RWATAD cursor=now service=PaymentListener 
time="2022-01-21T23:39:44+08:00" level=info msg="Started listening for new payments" accountId=GDW3IXTH3UFCU2KD6REURTLK7XVSUC4P4WDATMFPTW6YZFEAV7RWATAD cursor=now service=PaymentListener 
time="2022-01-21T23:40:39+08:00" level=info msg="Started listening for new payments" accountId=GDW3IXTH3UFCU2KD6REURTLK7XVSUC4P4WDATMFPTW6YZFEAV7RWATAD cursor=now service=PaymentListener 
time="2022-01-21T23:41:34+08:00" level=info msg="Started listening for new payments" accountId=GDW3IXTH3UFCU2KD6REURTLK7XVSUC4P4WDATMFPTW6YZFEAV7RWATAD cursor=now service=PaymentListener 
time="2022-01-21T23:42:29+08:00" level=info msg="Started listening for new payments" accountId=GDW3IXTH3UFCU2KD6REURTLK7XVSUC4P4WDATMFPTW6YZFEAV7RWATAD cursor=now service=PaymentListener 
time="2022-01-21T23:43:24+08:00" level=info msg="Started listening for new payments" accountId=GDW3IXTH3UFCU2KD6REURTLK7XVSUC4P4WDATMFPTW6YZFEAV7RWATAD cursor=now service=PaymentListener 
time="2022-01-21T23:44:19+08:00" level=info msg="Started listening for new payments" accountId=GDW3IXTH3UFCU2KD6REURTLK7XVSUC4P4WDATMFPTW6YZFEAV7RWATAD cursor=now service=PaymentListener 
time="2022-01-21T23:45:14+08:00" level=info msg="Started listening for new payments" accountId=GDW3IXTH3UFCU2KD6REURTLK7XVSUC4P4WDATMFPTW6YZFEAV7RWATAD cursor=now service=PaymentListener 
time="2022-01-21T23:46:09+08:00" level=info msg="Started listening for new payments" accountId=GDW3IXTH3UFCU2KD6REURTLK7XVSUC4P4WDATMFPTW6YZFEAV7RWATAD cursor=now service=PaymentListener 
time="2022-01-21T23:47:04+08:00" level=info msg="Started listening for new payments" accountId=GDW3IXTH3UFCU2KD6REURTLK7XVSUC4P4WDATMFPTW6YZFEAV7RWATAD cursor=now service=PaymentListener 
time="2022-01-21T23:47:59+08:00" level=info msg="Started listening for new payments" accountId=GDW3IXTH3UFCU2KD6REURTLK7XVSUC4P4WDATMFPTW6YZFEAV7RWATAD cursor=now service=PaymentListener 
time="2022-01-21T23:48:54+08:00" level=info msg="Started listening for new payments" accountId=GDW3IXTH3UFCU2KD6REURTLK7XVSUC4P4WDATMFPTW6YZFEAV7RWATAD cursor=now service=PaymentListener 
time="2022-01-21T23:49:49+08:00" level=info msg="Started listening for new payments" accountId=GDW3IXTH3UFCU2KD6REURTLK7XVSUC4P4WDATMFPTW6YZFEAV7RWATAD cursor=now service=PaymentListener 
time="2022-01-21T23:50:44+08:00" level=info msg="Started listening for new payments" accountId=GDW3IXTH3UFCU2KD6REURTLK7XVSUC4P4WDATMFPTW6YZFEAV7RWATAD cursor=now service=PaymentListener 
time="2022-01-21T23:51:39+08:00" level=info msg="Started listening for new payments" accountId=GDW3IXTH3UFCU2KD6REURTLK7XVSUC4P4WDATMFPTW6YZFEAV7RWATAD cursor=now service=PaymentListener 
time="2022-01-21T23:52:34+08:00" level=info msg="Started listening for new payments" accountId=GDW3IXTH3UFCU2KD6REURTLK7XVSUC4P4WDATMFPTW6YZFEAV7RWATAD cursor=now service=PaymentListener 
