time="2022-01-21T11:09:54+08:00" level=info msg="Creating and initializing TransactionSubmitter" 
time="2022-01-21T11:09:54+08:00" level=info msg="Initializing Authorizing account" 
time="2022-01-21T11:09:54+08:00" level=info msg="Loading account" accountID=GAIHBCB57M2SDFQYUMANDBHW4YYMD3FJVK2OGHRKKCNF2HBZIRBKRX6E service=Horizon 
time="2022-01-21T11:09:54+08:00" level=info msg="Account loaded" accountID=GAIHBCB57M2SDFQYUMANDBHW4YYMD3FJVK2OGHRKKCNF2HBZIRBKRX6E service=Horizon 
time="2022-01-21T11:09:54+08:00" level=info msg="Initializing Base account" 
time="2022-01-21T11:09:54+08:00" level=info msg="Loading account" accountID=GDW3IXTH3UFCU2KD6REURTLK7XVSUC4P4WDATMFPTW6YZFEAV7RWATAD service=Horizon 
time="2022-01-21T11:09:54+08:00" level=info msg="Account loaded" accountID=GDW3IXTH3UFCU2KD6REURTLK7XVSUC4P4WDATMFPTW6YZFEAV7RWATAD service=Horizon 
time="2022-01-21T11:09:54+08:00" level=info msg="TransactionSubmitter created" 
time="2022-01-21T11:09:54+08:00" level=info msg="Creating and starting PaymentListener" 
time="2022-01-21T11:09:54+08:00" level=info msg="Loading account" accountID=GDW3IXTH3UFCU2KD6REURTLK7XVSUC4P4WDATMFPTW6YZFEAV7RWATAD service=Horizon 
time="2022-01-21T11:09:54+08:00" level=info msg="Account loaded" accountID=GDW3IXTH3UFCU2KD6REURTLK7XVSUC4P4WDATMFPTW6YZFEAV7RWATAD service=Horizon 
time="2022-01-21T11:09:54+08:00" level=info msg="PaymentListener created" 
time="2022-01-21T11:09:54+08:00" level=info msg="Started listening for new payments" accountId=GDW3IXTH3UFCU2KD6REURTLK7XVSUC4P4WDATMFPTW6YZFEAV7RWATAD cursor=now service=PaymentListener 
time="2022-01-21T11:10:31+08:00" level=info msg="Compliance response denied" response={{} {denied ok  0 } AAAAAO20XmfdCippQ/RJSM1q/esqC4/lhgmwr529jJSAr+NgAAAAZAAAAAAAAAAAAAAAAAAAAAOT0Qwsc6qg9BtpwRAibxFJMBMcC8GTItlNRCBIxP1Q2wAAAAEAAAAAAAAAAQAAAABJOAKgslKIfFl97LurLvBItYBNjsnwxHy08EA0BjR9qgAAAAFVU0QAAAAAABBwiD37NSGWGKMA0YT25jDB7KmqtOMeKlCaXRw5REKoAAAAAAaOd4AAAAAA} 
time="2022-01-21T11:10:49+08:00" level=info msg="Started listening for new payments" accountId=GDW3IXTH3UFCU2KD6REURTLK7XVSUC4P4WDATMFPTW6YZFEAV7RWATAD cursor=now service=PaymentListener 
time="2022-01-21T11:11:44+08:00" level=info msg="Started listening for new payments" accountId=GDW3IXTH3UFCU2KD6REURTLK7XVSUC4P4WDATMFPTW6YZFEAV7RWATAD cursor=now service=PaymentListener 
time="2022-01-21T11:12:06+08:00" level=info msg="Compliance response denied" response={{} {denied ok  0 } AAAAAO20XmfdCippQ/RJSM1q/esqC4/lhgmwr529jJSAr+NgAAAAZAAAAAAAAAAAAAAAAAAAAAOT0Qwsc6qg9BtpwRAibxFJMBMcC8GTItlNRCBIxP1Q2wAAAAEAAAAAAAAAAQAAAABJOAKgslKIfFl97LurLvBItYBNjsnwxHy08EA0BjR9qgAAAAFVU0QAAAAAABBwiD37NSGWGKMA0YT25jDB7KmqtOMeKlCaXRw5REKoAAAAAAaOd4AAAAAA} 
time="2022-01-21T11:12:39+08:00" level=info msg="Started listening for new payments" accountId=GDW3IXTH3UFCU2KD6REURTLK7XVSUC4P4WDATMFPTW6YZFEAV7RWATAD cursor=now service=PaymentListener 
time="2022-01-21T11:12:43+08:00" level=info msg="Compliance response denied" response={{} {denied ok  0 } AAAAAO20XmfdCippQ/RJSM1q/esqC4/lhgmwr529jJSAr+NgAAAAZAAAAAAAAAAAAAAAAAAAAAOT0Qwsc6qg9BtpwRAibxFJMBMcC8GTItlNRCBIxP1Q2wAAAAEAAAAAAAAAAQAAAABJOAKgslKIfFl97LurLvBItYBNjsnwxHy08EA0BjR9qgAAAAFVU0QAAAAAABBwiD37NSGWGKMA0YT25jDB7KmqtOMeKlCaXRw5REKoAAAAAAaOd4AAAAAA} 
time="2022-01-21T11:13:34+08:00" level=info msg="Started listening for new payments" accountId=GDW3IXTH3UFCU2KD6REURTLK7XVSUC4P4WDATMFPTW6YZFEAV7RWATAD cursor=now service=PaymentListener 
time="2022-01-21T11:14:29+08:00" level=info msg="Started listening for new payments" accountId=GDW3IXTH3UFCU2KD6REURTLK7XVSUC4P4WDATMFPTW6YZFEAV7RWATAD cursor=now service=PaymentListener 
time="2022-01-21T11:15:24+08:00" level=info msg="Started listening for new payments" accountId=GDW3IXTH3UFCU2KD6REURTLK7XVSUC4P4WDATMFPTW6YZFEAV7RWATAD cursor=now service=PaymentListener 
time="2022-01-21T11:16:19+08:00" level=info msg="Started listening for new payments" accountId=GDW3IXTH3UFCU2KD6REURTLK7XVSUC4P4WDATMFPTW6YZFEAV7RWATAD cursor=now service=PaymentListener 
time="2022-01-21T11:17:14+08:00" level=info msg="Started listening for new payments" accountId=GDW3IXTH3UFCU2KD6REURTLK7XVSUC4P4WDATMFPTW6YZFEAV7RWATAD cursor=now service=PaymentListener 
time="2022-01-21T11:18:09+08:00" level=info msg="Started listening for new payments" accountId=GDW3IXTH3UFCU2KD6REURTLK7XVSUC4P4WDATMFPTW6YZFEAV7RWATAD cursor=now service=PaymentListener 
time="2022-01-21T11:19:04+08:00" level=info msg="Started listening for new payments" accountId=GDW3IXTH3UFCU2KD6REURTLK7XVSUC4P4WDATMFPTW6YZFEAV7RWATAD cursor=now service=PaymentListener 
time="2022-01-21T11:19:59+08:00" level=info msg="Started listening for new payments" accountId=GDW3IXTH3UFCU2KD6REURTLK7XVSUC4P4WDATMFPTW6YZFEAV7RWATAD cursor=now service=PaymentListener 
time="2022-01-21T11:20:54+08:00" level=info msg="Started listening for new payments" accountId=GDW3IXTH3UFCU2KD6REURTLK7XVSUC4P4WDATMFPTW6YZFEAV7RWATAD cursor=now service=PaymentListener 
time="2022-01-21T11:21:49+08:00" level=info msg="Started listening for new payments" accountId=GDW3IXTH3UFCU2KD6REURTLK7XVSUC4P4WDATMFPTW6YZFEAV7RWATAD cursor=now service=PaymentListener 
time="2022-01-21T11:22:44+08:00" level=info msg="Started listening for new payments" accountId=GDW3IXTH3UFCU2KD6REURTLK7XVSUC4P4WDATMFPTW6YZFEAV7RWATAD cursor=now service=PaymentListener 
time="2022-01-21T11:23:39+08:00" level=info msg="Started listening for new payments" accountId=GDW3IXTH3UFCU2KD6REURTLK7XVSUC4P4WDATMFPTW6YZFEAV7RWATAD cursor=now service=PaymentListener 
time="2022-01-21T11:24:34+08:00" level=info msg="Started listening for new payments" accountId=GDW3IXTH3UFCU2KD6REURTLK7XVSUC4P4WDATMFPTW6YZFEAV7RWATAD cursor=now service=PaymentListener 
time="2022-01-21T11:25:29+08:00" level=info msg="Started listening for new payments" accountId=GDW3IXTH3UFCU2KD6REURTLK7XVSUC4P4WDATMFPTW6YZFEAV7RWATAD cursor=now service=PaymentListener 
time="2022-01-21T11:26:24+08:00" level=info msg="Started listening for new payments" accountId=GDW3IXTH3UFCU2KD6REURTLK7XVSUC4P4WDATMFPTW6YZFEAV7RWATAD cursor=now service=PaymentListener 
time="2022-01-21T11:27:19+08:00" level=info msg="Started listening for new payments" accountId=GDW3IXTH3UFCU2KD6REURTLK7XVSUC4P4WDATMFPTW6YZFEAV7RWATAD cursor=now service=PaymentListener 
time="2022-01-21T11:28:14+08:00" level=info msg="Started listening for new payments" accountId=GDW3IXTH3UFCU2KD6REURTLK7XVSUC4P4WDATMFPTW6YZFEAV7RWATAD cursor=now service=PaymentListener 
time="2022-01-21T11:29:09+08:00" level=info msg="Started listening for new payments" accountId=GDW3IXTH3UFCU2KD6REURTLK7XVSUC4P4WDATMFPTW6YZFEAV7RWATAD cursor=now service=PaymentListener 
time="2022-01-21T11:30:04+08:00" level=info msg="Started listening for new payments" accountId=GDW3IXTH3UFCU2KD6REURTLK7XVSUC4P4WDATMFPTW6YZFEAV7RWATAD cursor=now service=PaymentListener 
time="2022-01-21T11:30:59+08:00" level=info msg="Started listening for new payments" accountId=GDW3IXTH3UFCU2KD6REURTLK7XVSUC4P4WDATMFPTW6YZFEAV7RWATAD cursor=now service=PaymentListener 
time="2022-01-21T11:31:54+08:00" level=info msg="Started listening for new payments" accountId=GDW3IXTH3UFCU2KD6REURTLK7XVSUC4P4WDATMFPTW6YZFEAV7RWATAD cursor=now service=PaymentListener 
time="2022-01-21T11:32:49+08:00" level=info msg="Started listening for new payments" accountId=GDW3IXTH3UFCU2KD6REURTLK7XVSUC4P4WDATMFPTW6YZFEAV7RWATAD cursor=now service=PaymentListener 
time="2022-01-21T11:33:44+08:00" level=info msg="Started listening for new payments" accountId=GDW3IXTH3UFCU2KD6REURTLK7XVSUC4P4WDATMFPTW6YZFEAV7RWATAD cursor=now service=PaymentListener 
time="2022-01-21T11:34:39+08:00" level=info msg="Started listening for new payments" accountId=GDW3IXTH3UFCU2KD6REURTLK7XVSUC4P4WDATMFPTW6YZFEAV7RWATAD cursor=now service=PaymentListener 
time="2022-01-21T11:35:34+08:00" level=info msg="Started listening for new payments" accountId=GDW3IXTH3UFCU2KD6REURTLK7XVSUC4P4WDATMFPTW6YZFEAV7RWATAD cursor=now service=PaymentListener 
time="2022-01-21T11:36:29+08:00" level=info msg="Started listening for new payments" accountId=GDW3IXTH3UFCU2KD6REURTLK7XVSUC4P4WDATMFPTW6YZFEAV7RWATAD cursor=now service=PaymentListener 
time="2022-01-21T11:37:24+08:00" level=info msg="Started listening for new payments" accountId=GDW3IXTH3UFCU2KD6REURTLK7XVSUC4P4WDATMFPTW6YZFEAV7RWATAD cursor=now service=PaymentListener 
time="2022-01-21T11:38:19+08:00" level=info msg="Started listening for new payments" accountId=GDW3IXTH3UFCU2KD6REURTLK7XVSUC4P4WDATMFPTW6YZFEAV7RWATAD cursor=now service=PaymentListener 
time="2022-01-21T11:39:14+08:00" level=info msg="Started listening for new payments" accountId=GDW3IXTH3UFCU2KD6REURTLK7XVSUC4P4WDATMFPTW6YZFEAV7RWATAD cursor=now service=PaymentListener 
time="2022-01-21T11:40:09+08:00" level=info msg="Started listening for new payments" accountId=GDW3IXTH3UFCU2KD6REURTLK7XVSUC4P4WDATMFPTW6YZFEAV7RWATAD cursor=now service=PaymentListener 
time="2022-01-21T11:41:04+08:00" level=info msg="Started listening for new payments" accountId=GDW3IXTH3UFCU2KD6REURTLK7XVSUC4P4WDATMFPTW6YZFEAV7RWATAD cursor=now service=PaymentListener 
time="2022-01-21T11:41:59+08:00" level=info msg="Started listening for new payments" accountId=GDW3IXTH3UFCU2KD6REURTLK7XVSUC4P4WDATMFPTW6YZFEAV7RWATAD cursor=now service=PaymentListener 
time="2022-01-21T11:42:54+08:00" level=info msg="Started listening for new payments" accountId=GDW3IXTH3UFCU2KD6REURTLK7XVSUC4P4WDATMFPTW6YZFEAV7RWATAD cursor=now service=PaymentListener 
time="2022-01-21T11:43:49+08:00" level=info msg="Started listening for new payments" accountId=GDW3IXTH3UFCU2KD6REURTLK7XVSUC4P4WDATMFPTW6YZFEAV7RWATAD cursor=now service=PaymentListener 
time="2022-01-21T11:44:44+08:00" level=info msg="Started listening for new payments" accountId=GDW3IXTH3UFCU2KD6REURTLK7XVSUC4P4WDATMFPTW6YZFEAV7RWATAD cursor=now service=PaymentListener 
time="2022-01-21T11:45:39+08:00" level=info msg="Started listening for new payments" accountId=GDW3IXTH3UFCU2KD6REURTLK7XVSUC4P4WDATMFPTW6YZFEAV7RWATAD cursor=now service=PaymentListener 
time="2022-01-21T11:46:34+08:00" level=info msg="Started listening for new payments" accountId=GDW3IXTH3UFCU2KD6REURTLK7XVSUC4P4WDATMFPTW6YZFEAV7RWATAD cursor=now service=PaymentListener 
time="2022-01-21T11:47:29+08:00" level=info msg="Started listening for new payments" accountId=GDW3IXTH3UFCU2KD6REURTLK7XVSUC4P4WDATMFPTW6YZFEAV7RWATAD cursor=now service=PaymentListener 
time="2022-01-21T11:48:24+08:00" level=info msg="Started listening for new payments" accountId=GDW3IXTH3UFCU2KD6REURTLK7XVSUC4P4WDATMFPTW6YZFEAV7RWATAD cursor=now service=PaymentListener 
time="2022-01-21T11:49:19+08:00" level=info msg="Started listening for new payments" accountId=GDW3IXTH3UFCU2KD6REURTLK7XVSUC4P4WDATMFPTW6YZFEAV7RWATAD cursor=now service=PaymentListener 
time="2022-01-21T11:50:14+08:00" level=info msg="Started listening for new payments" accountId=GDW3IXTH3UFCU2KD6REURTLK7XVSUC4P4WDATMFPTW6YZFEAV7RWATAD cursor=now service=PaymentListener 
time="2022-01-21T11:51:09+08:00" level=info msg="Started listening for new payments" accountId=GDW3IXTH3UFCU2KD6REURTLK7XVSUC4P4WDATMFPTW6YZFEAV7RWATAD cursor=now service=PaymentListener 
time="2022-01-21T11:52:04+08:00" level=info msg="Started listening for new payments" accountId=GDW3IXTH3UFCU2KD6REURTLK7XVSUC4P4WDATMFPTW6YZFEAV7RWATAD cursor=now service=PaymentListener 
time="2022-01-21T11:52:59+08:00" level=info msg="Started listening for new payments" accountId=GDW3IXTH3UFCU2KD6REURTLK7XVSUC4P4WDATMFPTW6YZFEAV7RWATAD cursor=now service=PaymentListener 
time="2022-01-21T11:53:54+08:00" level=info msg="Started listening for new payments" accountId=GDW3IXTH3UFCU2KD6REURTLK7XVSUC4P4WDATMFPTW6YZFEAV7RWATAD cursor=now service=PaymentListener 
time="2022-01-21T11:54:49+08:00" level=info msg="Started listening for new payments" accountId=GDW3IXTH3UFCU2KD6REURTLK7XVSUC4P4WDATMFPTW6YZFEAV7RWATAD cursor=now service=PaymentListener 
time="2022-01-21T11:55:44+08:00" level=info msg="Started listening for new payments" accountId=GDW3IXTH3UFCU2KD6REURTLK7XVSUC4P4WDATMFPTW6YZFEAV7RWATAD cursor=now service=PaymentListener 
time="2022-01-21T11:56:39+08:00" level=info msg="Started listening for new payments" accountId=GDW3IXTH3UFCU2KD6REURTLK7XVSUC4P4WDATMFPTW6YZFEAV7RWATAD cursor=now service=PaymentListener 
time="2022-01-21T11:57:34+08:00" level=info msg="Started listening for new payments" accountId=GDW3IXTH3UFCU2KD6REURTLK7XVSUC4P4WDATMFPTW6YZFEAV7RWATAD cursor=now service=PaymentListener 
time="2022-01-21T11:58:29+08:00" level=info msg="Started listening for new payments" accountId=GDW3IXTH3UFCU2KD6REURTLK7XVSUC4P4WDATMFPTW6YZFEAV7RWATAD cursor=now service=PaymentListener 
time="2022-01-21T11:59:24+08:00" level=info msg="Started listening for new payments" accountId=GDW3IXTH3UFCU2KD6REURTLK7XVSUC4P4WDATMFPTW6YZFEAV7RWATAD cursor=now service=PaymentListener 
time="2022-01-21T12:00:19+08:00" level=info msg="Started listening for new payments" accountId=GDW3IXTH3UFCU2KD6REURTLK7XVSUC4P4WDATMFPTW6YZFEAV7RWATAD cursor=now service=PaymentListener 
time="2022-01-21T12:01:14+08:00" level=info msg="Started listening for new payments" accountId=GDW3IXTH3UFCU2KD6REURTLK7XVSUC4P4WDATMFPTW6YZFEAV7RWATAD cursor=now service=PaymentListener 
time="2022-01-21T12:01:33+08:00" level=info msg="Compliance response denied" response={{} {denied ok  0 } AAAAAO20XmfdCippQ/RJSM1q/esqC4/lhgmwr529jJSAr+NgAAAAZAAAAAAAAAAAAAAAAAAAAAOT0Qwsc6qg9BtpwRAibxFJMBMcC8GTItlNRCBIxP1Q2wAAAAEAAAAAAAAAAQAAAABJOAKgslKIfFl97LurLvBItYBNjsnwxHy08EA0BjR9qgAAAAFVU0QAAAAAABBwiD37NSGWGKMA0YT25jDB7KmqtOMeKlCaXRw5REKoAAAAAAaOd4AAAAAA} 
time="2022-01-21T12:02:09+08:00" level=info msg="Started listening for new payments" accountId=GDW3IXTH3UFCU2KD6REURTLK7XVSUC4P4WDATMFPTW6YZFEAV7RWATAD cursor=now service=PaymentListener 
time="2022-01-21T12:03:04+08:00" level=info msg="Started listening for new payments" accountId=GDW3IXTH3UFCU2KD6REURTLK7XVSUC4P4WDATMFPTW6YZFEAV7RWATAD cursor=now service=PaymentListener 
time="2022-01-21T12:03:59+08:00" level=info msg="Started listening for new payments" accountId=GDW3IXTH3UFCU2KD6REURTLK7XVSUC4P4WDATMFPTW6YZFEAV7RWATAD cursor=now service=PaymentListener 
time="2022-01-21T12:04:54+08:00" level=info msg="Started listening for new payments" accountId=GDW3IXTH3UFCU2KD6REURTLK7XVSUC4P4WDATMFPTW6YZFEAV7RWATAD cursor=now service=PaymentListener 
time="2022-01-21T12:05:49+08:00" level=info msg="Started listening for new payments" accountId=GDW3IXTH3UFCU2KD6REURTLK7XVSUC4P4WDATMFPTW6YZFEAV7RWATAD cursor=now service=PaymentListener 
time="2022-01-21T12:06:44+08:00" level=info msg="Started listening for new payments" accountId=GDW3IXTH3UFCU2KD6REURTLK7XVSUC4P4WDATMFPTW6YZFEAV7RWATAD cursor=now service=PaymentListener 
time="2022-01-21T12:07:39+08:00" level=info msg="Started listening for new payments" accountId=GDW3IXTH3UFCU2KD6REURTLK7XVSUC4P4WDATMFPTW6YZFEAV7RWATAD cursor=now service=PaymentListener 
time="2022-01-21T12:08:34+08:00" level=info msg="Started listening for new payments" accountId=GDW3IXTH3UFCU2KD6REURTLK7XVSUC4P4WDATMFPTW6YZFEAV7RWATAD cursor=now service=PaymentListener 
time="2022-01-21T12:09:29+08:00" level=info msg="Started listening for new payments" accountId=GDW3IXTH3UFCU2KD6REURTLK7XVSUC4P4WDATMFPTW6YZFEAV7RWATAD cursor=now service=PaymentListener 
time="2022-01-21T12:10:24+08:00" level=info msg="Started listening for new payments" accountId=GDW3IXTH3UFCU2KD6REURTLK7XVSUC4P4WDATMFPTW6YZFEAV7RWATAD cursor=now service=PaymentListener 
time="2022-01-21T12:11:19+08:00" level=info msg="Started listening for new payments" accountId=GDW3IXTH3UFCU2KD6REURTLK7XVSUC4P4WDATMFPTW6YZFEAV7RWATAD cursor=now service=PaymentListener 
time="2022-01-21T12:12:14+08:00" level=info msg="Started listening for new payments" accountId=GDW3IXTH3UFCU2KD6REURTLK7XVSUC4P4WDATMFPTW6YZFEAV7RWATAD cursor=now service=PaymentListener 
time="2022-01-21T12:13:09+08:00" level=info msg="Started listening for new payments" accountId=GDW3IXTH3UFCU2KD6REURTLK7XVSUC4P4WDATMFPTW6YZFEAV7RWATAD cursor=now service=PaymentListener 
time="2022-01-21T12:14:04+08:00" level=info msg="Started listening for new payments" accountId=GDW3IXTH3UFCU2KD6REURTLK7XVSUC4P4WDATMFPTW6YZFEAV7RWATAD cursor=now service=PaymentListener 
time="2022-01-21T12:14:59+08:00" level=info msg="Started listening for new payments" accountId=GDW3IXTH3UFCU2KD6REURTLK7XVSUC4P4WDATMFPTW6YZFEAV7RWATAD cursor=now service=PaymentListener 
time="2022-01-21T12:15:54+08:00" level=info msg="Started listening for new payments" accountId=GDW3IXTH3UFCU2KD6REURTLK7XVSUC4P4WDATMFPTW6YZFEAV7RWATAD cursor=now service=PaymentListener 
time="2022-01-21T12:16:49+08:00" level=info msg="Started listening for new payments" accountId=GDW3IXTH3UFCU2KD6REURTLK7XVSUC4P4WDATMFPTW6YZFEAV7RWATAD cursor=now service=PaymentListener 
time="2022-01-21T12:17:44+08:00" level=info msg="Started listening for new payments" accountId=GDW3IXTH3UFCU2KD6REURTLK7XVSUC4P4WDATMFPTW6YZFEAV7RWATAD cursor=now service=PaymentListener 
time="2022-01-21T12:18:39+08:00" level=info msg="Started listening for new payments" accountId=GDW3IXTH3UFCU2KD6REURTLK7XVSUC4P4WDATMFPTW6YZFEAV7RWATAD cursor=now service=PaymentListener 
time="2022-01-21T12:19:34+08:00" level=info msg="Started listening for new payments" accountId=GDW3IXTH3UFCU2KD6REURTLK7XVSUC4P4WDATMFPTW6YZFEAV7RWATAD cursor=now service=PaymentListener 
time="2022-01-21T12:20:29+08:00" level=info msg="Started listening for new payments" accountId=GDW3IXTH3UFCU2KD6REURTLK7XVSUC4P4WDATMFPTW6YZFEAV7RWATAD cursor=now service=PaymentListener 
time="2022-01-21T12:21:24+08:00" level=info msg="Started listening for new payments" accountId=GDW3IXTH3UFCU2KD6REURTLK7XVSUC4P4WDATMFPTW6YZFEAV7RWATAD cursor=now service=PaymentListener 
time="2022-01-21T12:22:19+08:00" level=info msg="Started listening for new payments" accountId=GDW3IXTH3UFCU2KD6REURTLK7XVSUC4P4WDATMFPTW6YZFEAV7RWATAD cursor=now service=PaymentListener 
time="2022-01-21T12:23:14+08:00" level=info msg="Started listening for new payments" accountId=GDW3IXTH3UFCU2KD6REURTLK7XVSUC4P4WDATMFPTW6YZFEAV7RWATAD cursor=now service=PaymentListener 
time="2022-01-21T12:24:09+08:00" level=info msg="Started listening for new payments" accountId=GDW3IXTH3UFCU2KD6REURTLK7XVSUC4P4WDATMFPTW6YZFEAV7RWATAD cursor=now service=PaymentListener 
time="2022-01-21T12:25:04+08:00" level=info msg="Started listening for new payments" accountId=GDW3IXTH3UFCU2KD6REURTLK7XVSUC4P4WDATMFPTW6YZFEAV7RWATAD cursor=now service=PaymentListener 
time="2022-01-21T12:25:59+08:00" level=info msg="Started listening for new payments" accountId=GDW3IXTH3UFCU2KD6REURTLK7XVSUC4P4WDATMFPTW6YZFEAV7RWATAD cursor=now service=PaymentListener 
time="2022-01-21T12:26:54+08:00" level=info msg="Started listening for new payments" accountId=GDW3IXTH3UFCU2KD6REURTLK7XVSUC4P4WDATMFPTW6YZFEAV7RWATAD cursor=now service=PaymentListener 
time="2022-01-21T12:27:49+08:00" level=info msg="Started listening for new payments" accountId=GDW3IXTH3UFCU2KD6REURTLK7XVSUC4P4WDATMFPTW6YZFEAV7RWATAD cursor=now service=PaymentListener 
time="2022-01-21T12:28:44+08:00" level=info msg="Started listening for new payments" accountId=GDW3IXTH3UFCU2KD6REURTLK7XVSUC4P4WDATMFPTW6YZFEAV7RWATAD cursor=now service=PaymentListener 
time="2022-01-21T12:29:39+08:00" level=info msg="Started listening for new payments" accountId=GDW3IXTH3UFCU2KD6REURTLK7XVSUC4P4WDATMFPTW6YZFEAV7RWATAD cursor=now service=PaymentListener 
time="2022-01-21T12:30:34+08:00" level=info msg="Started listening for new payments" accountId=GDW3IXTH3UFCU2KD6REURTLK7XVSUC4P4WDATMFPTW6YZFEAV7RWATAD cursor=now service=PaymentListener 
time="2022-01-21T12:31:29+08:00" level=info msg="Started listening for new payments" accountId=GDW3IXTH3UFCU2KD6REURTLK7XVSUC4P4WDATMFPTW6YZFEAV7RWATAD cursor=now service=PaymentListener 
time="2022-01-21T12:32:24+08:00" level=info msg="Started listening for new payments" accountId=GDW3IXTH3UFCU2KD6REURTLK7XVSUC4P4WDATMFPTW6YZFEAV7RWATAD cursor=now service=PaymentListener 
time="2022-01-21T12:33:19+08:00" level=info msg="Started listening for new payments" accountId=GDW3IXTH3UFCU2KD6REURTLK7XVSUC4P4WDATMFPTW6YZFEAV7RWATAD cursor=now service=PaymentListener 
time="2022-01-21T12:34:14+08:00" level=info msg="Started listening for new payments" accountId=GDW3IXTH3UFCU2KD6REURTLK7XVSUC4P4WDATMFPTW6YZFEAV7RWATAD cursor=now service=PaymentListener 
time="2022-01-21T12:52:26+08:00" level=info msg="Compliance response denied" response={{} {denied ok  0 } AAAAAO20XmfdCippQ/RJSM1q/esqC4/lhgmwr529jJSAr+NgAAAAZAAAAAAAAAAAAAAAAAAAAAOT0Qwsc6qg9BtpwRAibxFJMBMcC8GTItlNRCBIxP1Q2wAAAAEAAAAAAAAAAQAAAABJOAKgslKIfFl97LurLvBItYBNjsnwxHy08EA0BjR9qgAAAAFVU0QAAAAAABBwiD37NSGWGKMA0YT25jDB7KmqtOMeKlCaXRw5REKoAAAAAAaOd4AAAAAA} 
time="2022-01-21T12:52:53+08:00" level=info msg="Started listening for new payments" accountId=GDW3IXTH3UFCU2KD6REURTLK7XVSUC4P4WDATMFPTW6YZFEAV7RWATAD cursor=now service=PaymentListener 
time="2022-01-21T12:53:48+08:00" level=info msg="Started listening for new payments" accountId=GDW3IXTH3UFCU2KD6REURTLK7XVSUC4P4WDATMFPTW6YZFEAV7RWATAD cursor=now service=PaymentListener 
time="2022-01-21T12:54:13+08:00" level=info msg="Compliance response denied" response={{} {denied ok  0 } AAAAAO20XmfdCippQ/RJSM1q/esqC4/lhgmwr529jJSAr+NgAAAAZAAAAAAAAAAAAAAAAAAAAAOT0Qwsc6qg9BtpwRAibxFJMBMcC8GTItlNRCBIxP1Q2wAAAAEAAAAAAAAAAQAAAABJOAKgslKIfFl97LurLvBItYBNjsnwxHy08EA0BjR9qgAAAAFVU0QAAAAAABBwiD37NSGWGKMA0YT25jDB7KmqtOMeKlCaXRw5REKoAAAAAAaOd4AAAAAA} 
time="2022-01-21T12:54:14+08:00" level=info msg="Compliance response denied" response={{} {denied ok  0 } AAAAAO20XmfdCippQ/RJSM1q/esqC4/lhgmwr529jJSAr+NgAAAAZAAAAAAAAAAAAAAAAAAAAAOT0Qwsc6qg9BtpwRAibxFJMBMcC8GTItlNRCBIxP1Q2wAAAAEAAAAAAAAAAQAAAABJOAKgslKIfFl97LurLvBItYBNjsnwxHy08EA0BjR9qgAAAAFVU0QAAAAAABBwiD37NSGWGKMA0YT25jDB7KmqtOMeKlCaXRw5REKoAAAAAAaOd4AAAAAA} 
time="2022-01-21T12:54:18+08:00" level=error msg="Invalid parameter." name=amount value=i 
time="2022-01-21T12:54:19+08:00" level=error msg="Invalid parameter." name=amount value=i 
time="2022-01-21T12:54:22+08:00" level=error msg="Invalid parameter." name=amount value=i 
time="2022-01-21T12:54:43+08:00" level=info msg="Started listening for new payments" accountId=GDW3IXTH3UFCU2KD6REURTLK7XVSUC4P4WDATMFPTW6YZFEAV7RWATAD cursor=now service=PaymentListener 
time="2022-01-21T12:55:38+08:00" level=info msg="Started listening for new payments" accountId=GDW3IXTH3UFCU2KD6REURTLK7XVSUC4P4WDATMFPTW6YZFEAV7RWATAD cursor=now service=PaymentListener 
time="2022-01-21T12:56:33+08:00" level=info msg="Started listening for new payments" accountId=GDW3IXTH3UFCU2KD6REURTLK7XVSUC4P4WDATMFPTW6YZFEAV7RWATAD cursor=now service=PaymentListener 
